0 info it worked if it ends with ok
1 verbose cli [ '/usr/local/Cellar/node/5.5.0/bin/node',
1 verbose cli   '/usr/local/bin/npm',
1 verbose cli   'start' ]
2 info using npm@3.8.6
3 info using node@v5.5.0
4 verbose run-script [ 'prestart', 'start', 'poststart' ]
5 info lifecycle webapp-curato@0.0.1~prestart: webapp-curato@0.0.1
6 silly lifecycle webapp-curato@0.0.1~prestart: no script for prestart, continuing
7 info lifecycle webapp-curato@0.0.1~start: webapp-curato@0.0.1
8 verbose lifecycle webapp-curato@0.0.1~start: unsafe-perm in lifecycle true
9 verbose lifecycle webapp-curato@0.0.1~start: PATH: /usr/local/lib/node_modules/npm/bin/node-gyp-bin:/Users/alexngo/github/curato/webapp-curato/node_modules/.bin:/usr/local/Cellar/node/5.5.0/bin://anaconda/bin:/usr/local/bin:/usr/bin:/bin:/usr/sbin:/sbin:/Users/alexngo/go/bin
10 verbose lifecycle webapp-curato@0.0.1~start: CWD: /Users/alexngo/github/curato/webapp-curato
11 silly lifecycle webapp-curato@0.0.1~start: Args: [ '-c', 'NODE_ENV=development node server.babel.js' ]
12 silly lifecycle webapp-curato@0.0.1~start: Returned: code: 1  signal: null
13 info lifecycle webapp-curato@0.0.1~start: Failed to exec start script
14 verbose stack Error: webapp-curato@0.0.1 start: `NODE_ENV=development node server.babel.js`
14 verbose stack Exit status 1
14 verbose stack     at EventEmitter.<anonymous> (/usr/local/lib/node_modules/npm/lib/utils/lifecycle.js:239:16)
14 verbose stack     at emitTwo (events.js:100:13)
14 verbose stack     at EventEmitter.emit (events.js:185:7)
14 verbose stack     at ChildProcess.<anonymous> (/usr/local/lib/node_modules/npm/lib/utils/spawn.js:24:14)
14 verbose stack     at emitTwo (events.js:100:13)
14 verbose stack     at ChildProcess.emit (events.js:185:7)
14 verbose stack     at maybeClose (internal/child_process.js:821:16)
14 verbose stack     at Process.ChildProcess._handle.onexit (internal/child_process.js:211:5)
15 verbose pkgid webapp-curato@0.0.1
16 verbose cwd /Users/alexngo/github/curato/webapp-curato
17 error Darwin 15.4.0
18 error argv "/usr/local/Cellar/node/5.5.0/bin/node" "/usr/local/bin/npm" "start"
19 error node v5.5.0
20 error npm  v3.8.6
21 error code ELIFECYCLE
22 error webapp-curato@0.0.1 start: `NODE_ENV=development node server.babel.js`
22 error Exit status 1
23 error Failed at the webapp-curato@0.0.1 start script 'NODE_ENV=development node server.babel.js'.
23 error Make sure you have the latest version of node.js and npm installed.
23 error If you do, this is most likely a problem with the webapp-curato package,
23 error not with npm itself.
23 error Tell the author that this fails on your system:
23 error     NODE_ENV=development node server.babel.js
23 error You can get information on how to open an issue for this project with:
23 error     npm bugs webapp-curato
23 error Or if that isn't available, you can get their info via:
23 error     npm owner ls webapp-curato
23 error There is likely additional logging output above.
24 verbose exit [ 1, true ]
